<?xml version="1.0" encoding="utf-8" standalone="no"?>
<test-results xmlns:xsi="http://www.w3.org/2001/XMLSchema-instance" xsi:noNamespaceSchemaLocation="nunit_schema_2.5.xsd" name="Pester" total="270" errors="0" failures="9" not-run="0" inconclusive="0" ignored="0" skipped="0" invalid="0" date="2017-05-25" time="15:09:28">
  <environment user="ab73541" machine-name="SGC340" cwd="C:\Users\ab73541\Documents\GitHub\PowerShell-Remedy" user-domain="SAVVIS" platform="Microsoft Windows 7 Enterprise |C:\WINDOWS|\Device\Harddisk0\Partition1" nunit-version="2.5.8.0" os-version="6.1.7601" clr-version="4.0.30319.42000" />
  <culture-info current-culture="en-GB" current-uiculture="en-US" />
  <test-suite type="PowerShell" name="Pester" executed="True" result="Failure" success="False" time="20.6896" asserts="0">
    <results>
      <test-suite type="TestFixture" name="Testing all Modules against default PSScriptAnalyzer rule-set" executed="True" result="Success" success="True" time="3.4809" asserts="0" description="Testing all Modules against default PSScriptAnalyzer rule-set">
        <results>
          <test-case description="passes the PSScriptAnalyzer Rule PSAvoidUsingCmdletAliases" name="Testing all Modules against default PSScriptAnalyzer rule-set.passes the PSScriptAnalyzer Rule PSAvoidUsingCmdletAliases" time="1.2201" asserts="0" success="True" result="Success" executed="True" />
          <test-case description="passes the PSScriptAnalyzer Rule PSAvoidDefaultValueSwitchParameter" name="Testing all Modules against default PSScriptAnalyzer rule-set.passes the PSScriptAnalyzer Rule PSAvoidDefaultValueSwitchParameter" time="0.0771" asserts="0" success="True" result="Success" executed="True" />
          <test-case description="passes the PSScriptAnalyzer Rule PSAvoidDefaultValueForMandatoryParameter" name="Testing all Modules against default PSScriptAnalyzer rule-set.passes the PSScriptAnalyzer Rule PSAvoidDefaultValueForMandatoryParameter" time="0.0346" asserts="0" success="True" result="Success" executed="True" />
          <test-case description="passes the PSScriptAnalyzer Rule PSAvoidUsingEmptyCatchBlock" name="Testing all Modules against default PSScriptAnalyzer rule-set.passes the PSScriptAnalyzer Rule PSAvoidUsingEmptyCatchBlock" time="0.0278" asserts="0" success="True" result="Success" executed="True" />
          <test-case description="passes the PSScriptAnalyzer Rule PSAvoidGlobalAliases" name="Testing all Modules against default PSScriptAnalyzer rule-set.passes the PSScriptAnalyzer Rule PSAvoidGlobalAliases" time="0.034" asserts="0" success="True" result="Success" executed="True" />
          <test-case description="passes the PSScriptAnalyzer Rule PSAvoidGlobalFunctions" name="Testing all Modules against default PSScriptAnalyzer rule-set.passes the PSScriptAnalyzer Rule PSAvoidGlobalFunctions" time="0.0216" asserts="0" success="True" result="Success" executed="True" />
          <test-case description="passes the PSScriptAnalyzer Rule PSAvoidGlobalVars" name="Testing all Modules against default PSScriptAnalyzer rule-set.passes the PSScriptAnalyzer Rule PSAvoidGlobalVars" time="0.0259" asserts="0" success="True" result="Success" executed="True" />
          <test-case description="passes the PSScriptAnalyzer Rule PSAvoidInvokingEmptyMembers" name="Testing all Modules against default PSScriptAnalyzer rule-set.passes the PSScriptAnalyzer Rule PSAvoidInvokingEmptyMembers" time="0.0323" asserts="0" success="True" result="Success" executed="True" />
          <test-case description="passes the PSScriptAnalyzer Rule PSAvoidNullOrEmptyHelpMessageAttribute" name="Testing all Modules against default PSScriptAnalyzer rule-set.passes the PSScriptAnalyzer Rule PSAvoidNullOrEmptyHelpMessageAttribute" time="0.0336" asserts="0" success="True" result="Success" executed="True" />
          <test-case description="passes the PSScriptAnalyzer Rule PSAvoidUsingPositionalParameters" name="Testing all Modules against default PSScriptAnalyzer rule-set.passes the PSScriptAnalyzer Rule PSAvoidUsingPositionalParameters" time="0.0318" asserts="0" success="True" result="Success" executed="True" />
          <test-case description="passes the PSScriptAnalyzer Rule PSReservedCmdletChar" name="Testing all Modules against default PSScriptAnalyzer rule-set.passes the PSScriptAnalyzer Rule PSReservedCmdletChar" time="0.0333" asserts="0" success="True" result="Success" executed="True" />
          <test-case description="passes the PSScriptAnalyzer Rule PSReservedParams" name="Testing all Modules against default PSScriptAnalyzer rule-set.passes the PSScriptAnalyzer Rule PSReservedParams" time="0.0294" asserts="0" success="True" result="Success" executed="True" />
          <test-case description="passes the PSScriptAnalyzer Rule PSAvoidShouldContinueWithoutForce" name="Testing all Modules against default PSScriptAnalyzer rule-set.passes the PSScriptAnalyzer Rule PSAvoidShouldContinueWithoutForce" time="0.031" asserts="0" success="True" result="Success" executed="True" />
          <test-case description="passes the PSScriptAnalyzer Rule PSAvoidUsingUserNameAndPassWordParams" name="Testing all Modules against default PSScriptAnalyzer rule-set.passes the PSScriptAnalyzer Rule PSAvoidUsingUserNameAndPassWordParams" time="0.0293" asserts="0" success="True" result="Success" executed="True" />
          <test-case description="passes the PSScriptAnalyzer Rule PSAvoidUsingComputerNameHardcoded" name="Testing all Modules against default PSScriptAnalyzer rule-set.passes the PSScriptAnalyzer Rule PSAvoidUsingComputerNameHardcoded" time="0.0278" asserts="0" success="True" result="Success" executed="True" />
          <test-case description="passes the PSScriptAnalyzer Rule PSAvoidUsingConvertToSecureStringWithPlainText" name="Testing all Modules against default PSScriptAnalyzer rule-set.passes the PSScriptAnalyzer Rule PSAvoidUsingConvertToSecureStringWithPlainText" time="0.0305" asserts="0" success="True" result="Success" executed="True" />
          <test-case description="passes the PSScriptAnalyzer Rule PSAvoidUsingDeprecatedManifestFields" name="Testing all Modules against default PSScriptAnalyzer rule-set.passes the PSScriptAnalyzer Rule PSAvoidUsingDeprecatedManifestFields" time="0.0409" asserts="0" success="True" result="Success" executed="True" />
          <test-case description="passes the PSScriptAnalyzer Rule PSAvoidUsingInvokeExpression" name="Testing all Modules against default PSScriptAnalyzer rule-set.passes the PSScriptAnalyzer Rule PSAvoidUsingInvokeExpression" time="0.1326" asserts="0" success="True" result="Success" executed="True" />
          <test-case description="passes the PSScriptAnalyzer Rule PSAvoidUsingPlainTextForPassword" name="Testing all Modules against default PSScriptAnalyzer rule-set.passes the PSScriptAnalyzer Rule PSAvoidUsingPlainTextForPassword" time="0.0322" asserts="0" success="True" result="Success" executed="True" />
          <test-case description="passes the PSScriptAnalyzer Rule PSAvoidUsingWMICmdlet" name="Testing all Modules against default PSScriptAnalyzer rule-set.passes the PSScriptAnalyzer Rule PSAvoidUsingWMICmdlet" time="0.0291" asserts="0" success="True" result="Success" executed="True" />
          <test-case description="passes the PSScriptAnalyzer Rule PSAvoidUsingWriteHost" name="Testing all Modules against default PSScriptAnalyzer rule-set.passes the PSScriptAnalyzer Rule PSAvoidUsingWriteHost" time="0.024" asserts="0" success="True" result="Success" executed="True" />
          <test-case description="passes the PSScriptAnalyzer Rule PSMisleadingBacktick" name="Testing all Modules against default PSScriptAnalyzer rule-set.passes the PSScriptAnalyzer Rule PSMisleadingBacktick" time="0.0263" asserts="0" success="True" result="Success" executed="True" />
          <test-case description="passes the PSScriptAnalyzer Rule PSMissingModuleManifestField" name="Testing all Modules against default PSScriptAnalyzer rule-set.passes the PSScriptAnalyzer Rule PSMissingModuleManifestField" time="0.0259" asserts="0" success="True" result="Success" executed="True" />
          <test-case description="passes the PSScriptAnalyzer Rule PSPossibleIncorrectComparisonWithNull" name="Testing all Modules against default PSScriptAnalyzer rule-set.passes the PSScriptAnalyzer Rule PSPossibleIncorrectComparisonWithNull" time="0.0299" asserts="0" success="True" result="Success" executed="True" />
          <test-case description="passes the PSScriptAnalyzer Rule PSProvideCommentHelp" name="Testing all Modules against default PSScriptAnalyzer rule-set.passes the PSScriptAnalyzer Rule PSProvideCommentHelp" time="0.029" asserts="0" success="True" result="Success" executed="True" />
          <test-case description="passes the PSScriptAnalyzer Rule PSUseApprovedVerbs" name="Testing all Modules against default PSScriptAnalyzer rule-set.passes the PSScriptAnalyzer Rule PSUseApprovedVerbs" time="0.0288" asserts="0" success="True" result="Success" executed="True" />
          <test-case description="passes the PSScriptAnalyzer Rule PSUseBOMForUnicodeEncodedFile" name="Testing all Modules against default PSScriptAnalyzer rule-set.passes the PSScriptAnalyzer Rule PSUseBOMForUnicodeEncodedFile" time="0.0316" asserts="0" success="True" result="Success" executed="True" />
          <test-case description="passes the PSScriptAnalyzer Rule PSUseCmdletCorrectly" name="Testing all Modules against default PSScriptAnalyzer rule-set.passes the PSScriptAnalyzer Rule PSUseCmdletCorrectly" time="0.0298" asserts="0" success="True" result="Success" executed="True" />
          <test-case description="passes the PSScriptAnalyzer Rule PSUseCompatibleCmdlets" name="Testing all Modules against default PSScriptAnalyzer rule-set.passes the PSScriptAnalyzer Rule PSUseCompatibleCmdlets" time="0.0297" asserts="0" success="True" result="Success" executed="True" />
          <test-case description="passes the PSScriptAnalyzer Rule PSUseDeclaredVarsMoreThanAssignments" name="Testing all Modules against default PSScriptAnalyzer rule-set.passes the PSScriptAnalyzer Rule PSUseDeclaredVarsMoreThanAssignments" time="0.0375" asserts="0" success="True" result="Success" executed="True" />
          <test-case description="passes the PSScriptAnalyzer Rule PSUseLiteralInitializerForHashtable" name="Testing all Modules against default PSScriptAnalyzer rule-set.passes the PSScriptAnalyzer Rule PSUseLiteralInitializerForHashtable" time="0.0695" asserts="0" success="True" result="Success" executed="True" />
          <test-case description="passes the PSScriptAnalyzer Rule PSUseOutputTypeCorrectly" name="Testing all Modules against default PSScriptAnalyzer rule-set.passes the PSScriptAnalyzer Rule PSUseOutputTypeCorrectly" time="0.0433" asserts="0" success="True" result="Success" executed="True" />
          <test-case description="passes the PSScriptAnalyzer Rule PSUsePSCredentialType" name="Testing all Modules against default PSScriptAnalyzer rule-set.passes the PSScriptAnalyzer Rule PSUsePSCredentialType" time="0.1044" asserts="0" success="True" result="Success" executed="True" />
          <test-case description="passes the PSScriptAnalyzer Rule PSShouldProcess" name="Testing all Modules against default PSScriptAnalyzer rule-set.passes the PSScriptAnalyzer Rule PSShouldProcess" time="0.4299" asserts="0" success="True" result="Success" executed="True" />
          <test-case description="passes the PSScriptAnalyzer Rule PSUseShouldProcessForStateChangingFunctions" name="Testing all Modules against default PSScriptAnalyzer rule-set.passes the PSScriptAnalyzer Rule PSUseShouldProcessForStateChangingFunctions" time="0.1654" asserts="0" success="True" result="Success" executed="True" />
          <test-case description="passes the PSScriptAnalyzer Rule PSUseSingularNouns" name="Testing all Modules against default PSScriptAnalyzer rule-set.passes the PSScriptAnalyzer Rule PSUseSingularNouns" time="0.0684" asserts="0" success="True" result="Success" executed="True" />
          <test-case description="passes the PSScriptAnalyzer Rule PSUseToExportFieldsInManifest" name="Testing all Modules against default PSScriptAnalyzer rule-set.passes the PSScriptAnalyzer Rule PSUseToExportFieldsInManifest" time="0.0426" asserts="0" success="True" result="Success" executed="True" />
          <test-case description="passes the PSScriptAnalyzer Rule PSUseUTF8EncodingForHelpFile" name="Testing all Modules against default PSScriptAnalyzer rule-set.passes the PSScriptAnalyzer Rule PSUseUTF8EncodingForHelpFile" time="0.0417" asserts="0" success="True" result="Success" executed="True" />
          <test-case description="passes the PSScriptAnalyzer Rule PSDSCDscExamplesPresent" name="Testing all Modules against default PSScriptAnalyzer rule-set.passes the PSScriptAnalyzer Rule PSDSCDscExamplesPresent" time="0.0556" asserts="0" success="True" result="Success" executed="True" />
          <test-case description="passes the PSScriptAnalyzer Rule PSDSCDscTestsPresent" name="Testing all Modules against default PSScriptAnalyzer rule-set.passes the PSScriptAnalyzer Rule PSDSCDscTestsPresent" time="0.0399" asserts="0" success="True" result="Success" executed="True" />
          <test-case description="passes the PSScriptAnalyzer Rule PSDSCReturnCorrectTypesForDSCFunctions" name="Testing all Modules against default PSScriptAnalyzer rule-set.passes the PSScriptAnalyzer Rule PSDSCReturnCorrectTypesForDSCFunctions" time="0.0388" asserts="0" success="True" result="Success" executed="True" />
          <test-case description="passes the PSScriptAnalyzer Rule PSDSCUseIdenticalMandatoryParametersForDSC" name="Testing all Modules against default PSScriptAnalyzer rule-set.passes the PSScriptAnalyzer Rule PSDSCUseIdenticalMandatoryParametersForDSC" time="0.0315" asserts="0" success="True" result="Success" executed="True" />
          <test-case description="passes the PSScriptAnalyzer Rule PSDSCUseIdenticalParametersForDSC" name="Testing all Modules against default PSScriptAnalyzer rule-set.passes the PSScriptAnalyzer Rule PSDSCUseIdenticalParametersForDSC" time="0.0334" asserts="0" success="True" result="Success" executed="True" />
          <test-case description="passes the PSScriptAnalyzer Rule PSDSCStandardDSCFunctionsInResource" name="Testing all Modules against default PSScriptAnalyzer rule-set.passes the PSScriptAnalyzer Rule PSDSCStandardDSCFunctionsInResource" time="0.0334" asserts="0" success="True" result="Success" executed="True" />
          <test-case description="passes the PSScriptAnalyzer Rule PSDSCUseVerboseMessageInDSCResource" name="Testing all Modules against default PSScriptAnalyzer rule-set.passes the PSScriptAnalyzer Rule PSDSCUseVerboseMessageInDSCResource" time="0.0357" asserts="0" success="True" result="Success" executed="True" />
        </results>
      </test-suite>
      <test-suite type="TestFixture" name="Testing all Script against default PSScriptAnalyzer rule-set" executed="True" result="Failure" success="False" time="17.2087" asserts="0" description="Testing all Script against default PSScriptAnalyzer rule-set">
        <results>
          <test-case description="passes the PSScriptAnalyzer Rule PSAvoidUsingCmdletAliases" name="Testing all Script against default PSScriptAnalyzer rule-set.passes the PSScriptAnalyzer Rule PSAvoidUsingCmdletAliases" time="0.2579" asserts="0" success="True" result="Success" executed="True" />
          <test-case description="passes the PSScriptAnalyzer Rule PSAvoidDefaultValueSwitchParameter" name="Testing all Script against default PSScriptAnalyzer rule-set.passes the PSScriptAnalyzer Rule PSAvoidDefaultValueSwitchParameter" time="0.0333" asserts="0" success="True" result="Success" executed="True" />
          <test-case description="passes the PSScriptAnalyzer Rule PSAvoidDefaultValueForMandatoryParameter" name="Testing all Script against default PSScriptAnalyzer rule-set.passes the PSScriptAnalyzer Rule PSAvoidDefaultValueForMandatoryParameter" time="0.037" asserts="0" success="True" result="Success" executed="True" />
          <test-case description="passes the PSScriptAnalyzer Rule PSAvoidUsingEmptyCatchBlock" name="Testing all Script against default PSScriptAnalyzer rule-set.passes the PSScriptAnalyzer Rule PSAvoidUsingEmptyCatchBlock" time="0.0358" asserts="0" success="True" result="Success" executed="True" />
          <test-case description="passes the PSScriptAnalyzer Rule PSAvoidGlobalAliases" name="Testing all Script against default PSScriptAnalyzer rule-set.passes the PSScriptAnalyzer Rule PSAvoidGlobalAliases" time="0.0412" asserts="0" success="True" result="Success" executed="True" />
          <test-case description="passes the PSScriptAnalyzer Rule PSAvoidGlobalFunctions" name="Testing all Script against default PSScriptAnalyzer rule-set.passes the PSScriptAnalyzer Rule PSAvoidGlobalFunctions" time="0.0352" asserts="0" success="True" result="Success" executed="True" />
          <test-case description="passes the PSScriptAnalyzer Rule PSAvoidGlobalVars" name="Testing all Script against default PSScriptAnalyzer rule-set.passes the PSScriptAnalyzer Rule PSAvoidGlobalVars" time="0.0369" asserts="0" success="True" result="Success" executed="True" />
          <test-case description="passes the PSScriptAnalyzer Rule PSAvoidInvokingEmptyMembers" name="Testing all Script against default PSScriptAnalyzer rule-set.passes the PSScriptAnalyzer Rule PSAvoidInvokingEmptyMembers" time="0.0407" asserts="0" success="True" result="Success" executed="True" />
          <test-case description="passes the PSScriptAnalyzer Rule PSAvoidNullOrEmptyHelpMessageAttribute" name="Testing all Script against default PSScriptAnalyzer rule-set.passes the PSScriptAnalyzer Rule PSAvoidNullOrEmptyHelpMessageAttribute" time="0.0415" asserts="0" success="True" result="Success" executed="True" />
          <test-case description="passes the PSScriptAnalyzer Rule PSAvoidUsingPositionalParameters" name="Testing all Script against default PSScriptAnalyzer rule-set.passes the PSScriptAnalyzer Rule PSAvoidUsingPositionalParameters" time="0.2537" asserts="0" success="True" result="Success" executed="True" />
          <test-case description="passes the PSScriptAnalyzer Rule PSReservedCmdletChar" name="Testing all Script against default PSScriptAnalyzer rule-set.passes the PSScriptAnalyzer Rule PSReservedCmdletChar" time="0.0384" asserts="0" success="True" result="Success" executed="True" />
          <test-case description="passes the PSScriptAnalyzer Rule PSReservedParams" name="Testing all Script against default PSScriptAnalyzer rule-set.passes the PSScriptAnalyzer Rule PSReservedParams" time="0.0343" asserts="0" success="True" result="Success" executed="True" />
          <test-case description="passes the PSScriptAnalyzer Rule PSAvoidShouldContinueWithoutForce" name="Testing all Script against default PSScriptAnalyzer rule-set.passes the PSScriptAnalyzer Rule PSAvoidShouldContinueWithoutForce" time="0.0358" asserts="0" success="True" result="Success" executed="True" />
          <test-case description="passes the PSScriptAnalyzer Rule PSAvoidUsingUserNameAndPassWordParams" name="Testing all Script against default PSScriptAnalyzer rule-set.passes the PSScriptAnalyzer Rule PSAvoidUsingUserNameAndPassWordParams" time="0.0347" asserts="0" success="True" result="Success" executed="True" />
          <test-case description="passes the PSScriptAnalyzer Rule PSAvoidUsingComputerNameHardcoded" name="Testing all Script against default PSScriptAnalyzer rule-set.passes the PSScriptAnalyzer Rule PSAvoidUsingComputerNameHardcoded" time="0.035" asserts="0" success="True" result="Success" executed="True" />
          <test-case description="passes the PSScriptAnalyzer Rule PSAvoidUsingConvertToSecureStringWithPlainText" name="Testing all Script against default PSScriptAnalyzer rule-set.passes the PSScriptAnalyzer Rule PSAvoidUsingConvertToSecureStringWithPlainText" time="0.0329" asserts="0" success="True" result="Success" executed="True" />
          <test-case description="passes the PSScriptAnalyzer Rule PSAvoidUsingDeprecatedManifestFields" name="Testing all Script against default PSScriptAnalyzer rule-set.passes the PSScriptAnalyzer Rule PSAvoidUsingDeprecatedManifestFields" time="0.0368" asserts="0" success="True" result="Success" executed="True" />
          <test-case description="passes the PSScriptAnalyzer Rule PSAvoidUsingInvokeExpression" name="Testing all Script against default PSScriptAnalyzer rule-set.passes the PSScriptAnalyzer Rule PSAvoidUsingInvokeExpression" time="0.0351" asserts="0" success="True" result="Success" executed="True" />
          <test-case description="passes the PSScriptAnalyzer Rule PSAvoidUsingPlainTextForPassword" name="Testing all Script against default PSScriptAnalyzer rule-set.passes the PSScriptAnalyzer Rule PSAvoidUsingPlainTextForPassword" time="0.0335" asserts="0" success="True" result="Success" executed="True" />
          <test-case description="passes the PSScriptAnalyzer Rule PSAvoidUsingWMICmdlet" name="Testing all Script against default PSScriptAnalyzer rule-set.passes the PSScriptAnalyzer Rule PSAvoidUsingWMICmdlet" time="0.0354" asserts="0" success="True" result="Success" executed="True" />
          <test-case description="passes the PSScriptAnalyzer Rule PSAvoidUsingWriteHost" name="Testing all Script against default PSScriptAnalyzer rule-set.passes the PSScriptAnalyzer Rule PSAvoidUsingWriteHost" time="0.0077" asserts="0" success="True" result="Success" executed="True" />
          <test-case description="passes the PSScriptAnalyzer Rule PSMisleadingBacktick" name="Testing all Script against default PSScriptAnalyzer rule-set.passes the PSScriptAnalyzer Rule PSMisleadingBacktick" time="0.0335" asserts="0" success="True" result="Success" executed="True" />
          <test-case description="passes the PSScriptAnalyzer Rule PSMissingModuleManifestField" name="Testing all Script against default PSScriptAnalyzer rule-set.passes the PSScriptAnalyzer Rule PSMissingModuleManifestField" time="0.0346" asserts="0" success="True" result="Success" executed="True" />
          <test-case description="passes the PSScriptAnalyzer Rule PSPossibleIncorrectComparisonWithNull" name="Testing all Script against default PSScriptAnalyzer rule-set.passes the PSScriptAnalyzer Rule PSPossibleIncorrectComparisonWithNull" time="0.0352" asserts="0" success="True" result="Success" executed="True" />
          <test-case description="passes the PSScriptAnalyzer Rule PSProvideCommentHelp" name="Testing all Script against default PSScriptAnalyzer rule-set.passes the PSScriptAnalyzer Rule PSProvideCommentHelp" time="0.0324" asserts="0" success="True" result="Success" executed="True" />
          <test-case description="passes the PSScriptAnalyzer Rule PSUseApprovedVerbs" name="Testing all Script against default PSScriptAnalyzer rule-set.passes the PSScriptAnalyzer Rule PSUseApprovedVerbs" time="0.0377" asserts="0" success="True" result="Success" executed="True" />
          <test-case description="passes the PSScriptAnalyzer Rule PSUseBOMForUnicodeEncodedFile" name="Testing all Script against default PSScriptAnalyzer rule-set.passes the PSScriptAnalyzer Rule PSUseBOMForUnicodeEncodedFile" time="0.0346" asserts="0" success="True" result="Success" executed="True" />
          <test-case description="passes the PSScriptAnalyzer Rule PSUseCmdletCorrectly" name="Testing all Script against default PSScriptAnalyzer rule-set.passes the PSScriptAnalyzer Rule PSUseCmdletCorrectly" time="0.2468" asserts="0" success="True" result="Success" executed="True" />
          <test-case description="passes the PSScriptAnalyzer Rule PSUseCompatibleCmdlets" name="Testing all Script against default PSScriptAnalyzer rule-set.passes the PSScriptAnalyzer Rule PSUseCompatibleCmdlets" time="0.0351" asserts="0" success="True" result="Success" executed="True" />
          <test-case description="passes the PSScriptAnalyzer Rule PSUseDeclaredVarsMoreThanAssignments" name="Testing all Script against default PSScriptAnalyzer rule-set.passes the PSScriptAnalyzer Rule PSUseDeclaredVarsMoreThanAssignments" time="0.0386" asserts="0" success="True" result="Success" executed="True" />
          <test-case description="passes the PSScriptAnalyzer Rule PSUseLiteralInitializerForHashtable" name="Testing all Script against default PSScriptAnalyzer rule-set.passes the PSScriptAnalyzer Rule PSUseLiteralInitializerForHashtable" time="0.0355" asserts="0" success="True" result="Success" executed="True" />
          <test-case description="passes the PSScriptAnalyzer Rule PSUseOutputTypeCorrectly" name="Testing all Script against default PSScriptAnalyzer rule-set.passes the PSScriptAnalyzer Rule PSUseOutputTypeCorrectly" time="0.0363" asserts="0" success="True" result="Success" executed="True" />
          <test-case description="passes the PSScriptAnalyzer Rule PSUsePSCredentialType" name="Testing all Script against default PSScriptAnalyzer rule-set.passes the PSScriptAnalyzer Rule PSUsePSCredentialType" time="0.0355" asserts="0" success="True" result="Success" executed="True" />
          <test-case description="passes the PSScriptAnalyzer Rule PSShouldProcess" name="Testing all Script against default PSScriptAnalyzer rule-set.passes the PSScriptAnalyzer Rule PSShouldProcess" time="1.3616" asserts="0" success="True" result="Success" executed="True" />
          <test-case description="passes the PSScriptAnalyzer Rule PSUseShouldProcessForStateChangingFunctions" name="Testing all Script against default PSScriptAnalyzer rule-set.passes the PSScriptAnalyzer Rule PSUseShouldProcessForStateChangingFunctions" time="0.0477" asserts="0" success="True" result="Success" executed="True" />
          <test-case description="passes the PSScriptAnalyzer Rule PSUseSingularNouns" name="Testing all Script against default PSScriptAnalyzer rule-set.passes the PSScriptAnalyzer Rule PSUseSingularNouns" time="0.0307" asserts="0" success="True" result="Success" executed="True" />
          <test-case description="passes the PSScriptAnalyzer Rule PSUseToExportFieldsInManifest" name="Testing all Script against default PSScriptAnalyzer rule-set.passes the PSScriptAnalyzer Rule PSUseToExportFieldsInManifest" time="0.0267" asserts="0" success="True" result="Success" executed="True" />
          <test-case description="passes the PSScriptAnalyzer Rule PSUseUTF8EncodingForHelpFile" name="Testing all Script against default PSScriptAnalyzer rule-set.passes the PSScriptAnalyzer Rule PSUseUTF8EncodingForHelpFile" time="0.0205" asserts="0" success="True" result="Success" executed="True" />
          <test-case description="passes the PSScriptAnalyzer Rule PSDSCDscExamplesPresent" name="Testing all Script against default PSScriptAnalyzer rule-set.passes the PSScriptAnalyzer Rule PSDSCDscExamplesPresent" time="0.0223" asserts="0" success="True" result="Success" executed="True" />
          <test-case description="passes the PSScriptAnalyzer Rule PSDSCDscTestsPresent" name="Testing all Script against default PSScriptAnalyzer rule-set.passes the PSScriptAnalyzer Rule PSDSCDscTestsPresent" time="0.0371" asserts="0" success="True" result="Success" executed="True" />
          <test-case description="passes the PSScriptAnalyzer Rule PSDSCReturnCorrectTypesForDSCFunctions" name="Testing all Script against default PSScriptAnalyzer rule-set.passes the PSScriptAnalyzer Rule PSDSCReturnCorrectTypesForDSCFunctions" time="0.0495" asserts="0" success="True" result="Success" executed="True" />
          <test-case description="passes the PSScriptAnalyzer Rule PSDSCUseIdenticalMandatoryParametersForDSC" name="Testing all Script against default PSScriptAnalyzer rule-set.passes the PSScriptAnalyzer Rule PSDSCUseIdenticalMandatoryParametersForDSC" time="0.0348" asserts="0" success="True" result="Success" executed="True" />
          <test-case description="passes the PSScriptAnalyzer Rule PSDSCUseIdenticalParametersForDSC" name="Testing all Script against default PSScriptAnalyzer rule-set.passes the PSScriptAnalyzer Rule PSDSCUseIdenticalParametersForDSC" time="0.0339" asserts="0" success="True" result="Success" executed="True" />
          <test-case description="passes the PSScriptAnalyzer Rule PSDSCStandardDSCFunctionsInResource" name="Testing all Script against default PSScriptAnalyzer rule-set.passes the PSScriptAnalyzer Rule PSDSCStandardDSCFunctionsInResource" time="0.0336" asserts="0" success="True" result="Success" executed="True" />
          <test-case description="passes the PSScriptAnalyzer Rule PSDSCUseVerboseMessageInDSCResource" name="Testing all Script against default PSScriptAnalyzer rule-set.passes the PSScriptAnalyzer Rule PSDSCUseVerboseMessageInDSCResource" time="0.0368" asserts="0" success="True" result="Success" executed="True" />
          <test-case description="passes the PSScriptAnalyzer Rule PSAvoidUsingCmdletAliases" name="Testing all Script against default PSScriptAnalyzer rule-set.passes the PSScriptAnalyzer Rule PSAvoidUsingCmdletAliases" time="0.1479" asserts="0" success="True" result="Success" executed="True" />
          <test-case description="passes the PSScriptAnalyzer Rule PSAvoidDefaultValueSwitchParameter" name="Testing all Script against default PSScriptAnalyzer rule-set.passes the PSScriptAnalyzer Rule PSAvoidDefaultValueSwitchParameter" time="0.0336" asserts="0" success="True" result="Success" executed="True" />
          <test-case description="passes the PSScriptAnalyzer Rule PSAvoidDefaultValueForMandatoryParameter" name="Testing all Script against default PSScriptAnalyzer rule-set.passes the PSScriptAnalyzer Rule PSAvoidDefaultValueForMandatoryParameter" time="0.0372" asserts="0" success="True" result="Success" executed="True" />
          <test-case description="passes the PSScriptAnalyzer Rule PSAvoidUsingEmptyCatchBlock" name="Testing all Script against default PSScriptAnalyzer rule-set.passes the PSScriptAnalyzer Rule PSAvoidUsingEmptyCatchBlock" time="0.0321" asserts="0" success="True" result="Success" executed="True" />
          <test-case description="passes the PSScriptAnalyzer Rule PSAvoidGlobalAliases" name="Testing all Script against default PSScriptAnalyzer rule-set.passes the PSScriptAnalyzer Rule PSAvoidGlobalAliases" time="0.0334" asserts="0" success="True" result="Success" executed="True" />
          <test-case description="passes the PSScriptAnalyzer Rule PSAvoidGlobalFunctions" name="Testing all Script against default PSScriptAnalyzer rule-set.passes the PSScriptAnalyzer Rule PSAvoidGlobalFunctions" time="0.0399" asserts="0" success="True" result="Success" executed="True" />
          <test-case description="passes the PSScriptAnalyzer Rule PSAvoidGlobalVars" name="Testing all Script against default PSScriptAnalyzer rule-set.passes the PSScriptAnalyzer Rule PSAvoidGlobalVars" time="0.0321" asserts="0" success="True" result="Success" executed="True" />
          <test-case description="passes the PSScriptAnalyzer Rule PSAvoidInvokingEmptyMembers" name="Testing all Script against default PSScriptAnalyzer rule-set.passes the PSScriptAnalyzer Rule PSAvoidInvokingEmptyMembers" time="0.0366" asserts="0" success="True" result="Success" executed="True" />
          <test-case description="passes the PSScriptAnalyzer Rule PSAvoidNullOrEmptyHelpMessageAttribute" name="Testing all Script against default PSScriptAnalyzer rule-set.passes the PSScriptAnalyzer Rule PSAvoidNullOrEmptyHelpMessageAttribute" time="0.0351" asserts="0" success="True" result="Success" executed="True" />
          <test-case description="passes the PSScriptAnalyzer Rule PSAvoidUsingPositionalParameters" name="Testing all Script against default PSScriptAnalyzer rule-set.passes the PSScriptAnalyzer Rule PSAvoidUsingPositionalParameters" time="0.0398" asserts="0" success="True" result="Success" executed="True" />
          <test-case description="passes the PSScriptAnalyzer Rule PSReservedCmdletChar" name="Testing all Script against default PSScriptAnalyzer rule-set.passes the PSScriptAnalyzer Rule PSReservedCmdletChar" time="0.0439" asserts="0" success="True" result="Success" executed="True" />
          <test-case description="passes the PSScriptAnalyzer Rule PSReservedParams" name="Testing all Script against default PSScriptAnalyzer rule-set.passes the PSScriptAnalyzer Rule PSReservedParams" time="0.0339" asserts="0" success="True" result="Success" executed="True" />
          <test-case description="passes the PSScriptAnalyzer Rule PSAvoidShouldContinueWithoutForce" name="Testing all Script against default PSScriptAnalyzer rule-set.passes the PSScriptAnalyzer Rule PSAvoidShouldContinueWithoutForce" time="0.0318" asserts="0" success="True" result="Success" executed="True" />
          <test-case description="passes the PSScriptAnalyzer Rule PSAvoidUsingUserNameAndPassWordParams" name="Testing all Script against default PSScriptAnalyzer rule-set.passes the PSScriptAnalyzer Rule PSAvoidUsingUserNameAndPassWordParams" time="0.0327" asserts="0" success="True" result="Success" executed="True" />
          <test-case description="passes the PSScriptAnalyzer Rule PSAvoidUsingComputerNameHardcoded" name="Testing all Script against default PSScriptAnalyzer rule-set.passes the PSScriptAnalyzer Rule PSAvoidUsingComputerNameHardcoded" time="0.0312" asserts="0" success="True" result="Success" executed="True" />
          <test-case description="passes the PSScriptAnalyzer Rule PSAvoidUsingConvertToSecureStringWithPlainText" name="Testing all Script against default PSScriptAnalyzer rule-set.passes the PSScriptAnalyzer Rule PSAvoidUsingConvertToSecureStringWithPlainText" time="0.0339" asserts="0" success="True" result="Success" executed="True" />
          <test-case description="passes the PSScriptAnalyzer Rule PSAvoidUsingDeprecatedManifestFields" name="Testing all Script against default PSScriptAnalyzer rule-set.passes the PSScriptAnalyzer Rule PSAvoidUsingDeprecatedManifestFields" time="0.0339" asserts="0" success="True" result="Success" executed="True" />
          <test-case description="passes the PSScriptAnalyzer Rule PSAvoidUsingInvokeExpression" name="Testing all Script against default PSScriptAnalyzer rule-set.passes the PSScriptAnalyzer Rule PSAvoidUsingInvokeExpression" time="0.0319" asserts="0" success="True" result="Success" executed="True" />
          <test-case description="passes the PSScriptAnalyzer Rule PSAvoidUsingPlainTextForPassword" name="Testing all Script against default PSScriptAnalyzer rule-set.passes the PSScriptAnalyzer Rule PSAvoidUsingPlainTextForPassword" time="0.0716" asserts="0" success="False" result="Failure" executed="True">
            <failure>
              <message>Expected: {0}
But was:  {1}</message>
              <stack-trace>at line: 27 in C:\Users\ab73541\Documents\GitHub\PowerShell-Remedy\Tests\Default.Tests.ps1
27:               (Invoke-ScriptAnalyzer -Path $script.FullName -IncludeRule $rule.RuleName ).Count | Should Be 0
</stack-trace>
            </failure>
          </test-case>
          <test-case description="passes the PSScriptAnalyzer Rule PSAvoidUsingWMICmdlet" name="Testing all Script against default PSScriptAnalyzer rule-set.passes the PSScriptAnalyzer Rule PSAvoidUsingWMICmdlet" time="0.1033" asserts="0" success="True" result="Success" executed="True" />
          <test-case description="passes the PSScriptAnalyzer Rule PSAvoidUsingWriteHost" name="Testing all Script against default PSScriptAnalyzer rule-set.passes the PSScriptAnalyzer Rule PSAvoidUsingWriteHost" time="0.0097" asserts="0" success="True" result="Success" executed="True" />
          <test-case description="passes the PSScriptAnalyzer Rule PSMisleadingBacktick" name="Testing all Script against default PSScriptAnalyzer rule-set.passes the PSScriptAnalyzer Rule PSMisleadingBacktick" time="0.0245" asserts="0" success="True" result="Success" executed="True" />
          <test-case description="passes the PSScriptAnalyzer Rule PSMissingModuleManifestField" name="Testing all Script against default PSScriptAnalyzer rule-set.passes the PSScriptAnalyzer Rule PSMissingModuleManifestField" time="0.0431" asserts="0" success="True" result="Success" executed="True" />
          <test-case description="passes the PSScriptAnalyzer Rule PSPossibleIncorrectComparisonWithNull" name="Testing all Script against default PSScriptAnalyzer rule-set.passes the PSScriptAnalyzer Rule PSPossibleIncorrectComparisonWithNull" time="0.0358" asserts="0" success="True" result="Success" executed="True" />
          <test-case description="passes the PSScriptAnalyzer Rule PSProvideCommentHelp" name="Testing all Script against default PSScriptAnalyzer rule-set.passes the PSScriptAnalyzer Rule PSProvideCommentHelp" time="0.0318" asserts="0" success="True" result="Success" executed="True" />
          <test-case description="passes the PSScriptAnalyzer Rule PSUseApprovedVerbs" name="Testing all Script against default PSScriptAnalyzer rule-set.passes the PSScriptAnalyzer Rule PSUseApprovedVerbs" time="0.0324" asserts="0" success="True" result="Success" executed="True" />
          <test-case description="passes the PSScriptAnalyzer Rule PSUseBOMForUnicodeEncodedFile" name="Testing all Script against default PSScriptAnalyzer rule-set.passes the PSScriptAnalyzer Rule PSUseBOMForUnicodeEncodedFile" time="0.0343" asserts="0" success="True" result="Success" executed="True" />
          <test-case description="passes the PSScriptAnalyzer Rule PSUseCmdletCorrectly" name="Testing all Script against default PSScriptAnalyzer rule-set.passes the PSScriptAnalyzer Rule PSUseCmdletCorrectly" time="0.0457" asserts="0" success="True" result="Success" executed="True" />
          <test-case description="passes the PSScriptAnalyzer Rule PSUseCompatibleCmdlets" name="Testing all Script against default PSScriptAnalyzer rule-set.passes the PSScriptAnalyzer Rule PSUseCompatibleCmdlets" time="0.0453" asserts="0" success="True" result="Success" executed="True" />
          <test-case description="passes the PSScriptAnalyzer Rule PSUseDeclaredVarsMoreThanAssignments" name="Testing all Script against default PSScriptAnalyzer rule-set.passes the PSScriptAnalyzer Rule PSUseDeclaredVarsMoreThanAssignments" time="0.0614" asserts="0" success="True" result="Success" executed="True" />
          <test-case description="passes the PSScriptAnalyzer Rule PSUseLiteralInitializerForHashtable" name="Testing all Script against default PSScriptAnalyzer rule-set.passes the PSScriptAnalyzer Rule PSUseLiteralInitializerForHashtable" time="0.0331" asserts="0" success="True" result="Success" executed="True" />
          <test-case description="passes the PSScriptAnalyzer Rule PSUseOutputTypeCorrectly" name="Testing all Script against default PSScriptAnalyzer rule-set.passes the PSScriptAnalyzer Rule PSUseOutputTypeCorrectly" time="0.0367" asserts="0" success="True" result="Success" executed="True" />
          <test-case description="passes the PSScriptAnalyzer Rule PSUsePSCredentialType" name="Testing all Script against default PSScriptAnalyzer rule-set.passes the PSScriptAnalyzer Rule PSUsePSCredentialType" time="0.0322" asserts="0" success="True" result="Success" executed="True" />
          <test-case description="passes the PSScriptAnalyzer Rule PSShouldProcess" name="Testing all Script against default PSScriptAnalyzer rule-set.passes the PSScriptAnalyzer Rule PSShouldProcess" time="0.5439" asserts="0" success="True" result="Success" executed="True" />
          <test-case description="passes the PSScriptAnalyzer Rule PSUseShouldProcessForStateChangingFunctions" name="Testing all Script against default PSScriptAnalyzer rule-set.passes the PSScriptAnalyzer Rule PSUseShouldProcessForStateChangingFunctions" time="0.0599" asserts="0" success="True" result="Success" executed="True" />
          <test-case description="passes the PSScriptAnalyzer Rule PSUseSingularNouns" name="Testing all Script against default PSScriptAnalyzer rule-set.passes the PSScriptAnalyzer Rule PSUseSingularNouns" time="0.0269" asserts="0" success="True" result="Success" executed="True" />
          <test-case description="passes the PSScriptAnalyzer Rule PSUseToExportFieldsInManifest" name="Testing all Script against default PSScriptAnalyzer rule-set.passes the PSScriptAnalyzer Rule PSUseToExportFieldsInManifest" time="0.0265" asserts="0" success="True" result="Success" executed="True" />
          <test-case description="passes the PSScriptAnalyzer Rule PSUseUTF8EncodingForHelpFile" name="Testing all Script against default PSScriptAnalyzer rule-set.passes the PSScriptAnalyzer Rule PSUseUTF8EncodingForHelpFile" time="0.0249" asserts="0" success="True" result="Success" executed="True" />
          <test-case description="passes the PSScriptAnalyzer Rule PSDSCDscExamplesPresent" name="Testing all Script against default PSScriptAnalyzer rule-set.passes the PSScriptAnalyzer Rule PSDSCDscExamplesPresent" time="0.0226" asserts="0" success="True" result="Success" executed="True" />
          <test-case description="passes the PSScriptAnalyzer Rule PSDSCDscTestsPresent" name="Testing all Script against default PSScriptAnalyzer rule-set.passes the PSScriptAnalyzer Rule PSDSCDscTestsPresent" time="0.0222" asserts="0" success="True" result="Success" executed="True" />
          <test-case description="passes the PSScriptAnalyzer Rule PSDSCReturnCorrectTypesForDSCFunctions" name="Testing all Script against default PSScriptAnalyzer rule-set.passes the PSScriptAnalyzer Rule PSDSCReturnCorrectTypesForDSCFunctions" time="0.0251" asserts="0" success="True" result="Success" executed="True" />
          <test-case description="passes the PSScriptAnalyzer Rule PSDSCUseIdenticalMandatoryParametersForDSC" name="Testing all Script against default PSScriptAnalyzer rule-set.passes the PSScriptAnalyzer Rule PSDSCUseIdenticalMandatoryParametersForDSC" time="0.0242" asserts="0" success="True" result="Success" executed="True" />
          <test-case description="passes the PSScriptAnalyzer Rule PSDSCUseIdenticalParametersForDSC" name="Testing all Script against default PSScriptAnalyzer rule-set.passes the PSScriptAnalyzer Rule PSDSCUseIdenticalParametersForDSC" time="0.0274" asserts="0" success="True" result="Success" executed="True" />
          <test-case description="passes the PSScriptAnalyzer Rule PSDSCStandardDSCFunctionsInResource" name="Testing all Script against default PSScriptAnalyzer rule-set.passes the PSScriptAnalyzer Rule PSDSCStandardDSCFunctionsInResource" time="0.0255" asserts="0" success="True" result="Success" executed="True" />
          <test-case description="passes the PSScriptAnalyzer Rule PSDSCUseVerboseMessageInDSCResource" name="Testing all Script against default PSScriptAnalyzer rule-set.passes the PSScriptAnalyzer Rule PSDSCUseVerboseMessageInDSCResource" time="0.0356" asserts="0" success="True" result="Success" executed="True" />
          <test-case description="passes the PSScriptAnalyzer Rule PSAvoidUsingCmdletAliases" name="Testing all Script against default PSScriptAnalyzer rule-set.passes the PSScriptAnalyzer Rule PSAvoidUsingCmdletAliases" time="0.1639" asserts="0" success="False" result="Failure" executed="True">
            <failure>
              <message>Expected: {0}
But was:  {1}</message>
              <stack-trace>at line: 27 in C:\Users\ab73541\Documents\GitHub\PowerShell-Remedy\Tests\Default.Tests.ps1
27:               (Invoke-ScriptAnalyzer -Path $script.FullName -IncludeRule $rule.RuleName ).Count | Should Be 0
</stack-trace>
            </failure>
          </test-case>
          <test-case description="passes the PSScriptAnalyzer Rule PSAvoidDefaultValueSwitchParameter" name="Testing all Script against default PSScriptAnalyzer rule-set.passes the PSScriptAnalyzer Rule PSAvoidDefaultValueSwitchParameter" time="0.0432" asserts="0" success="True" result="Success" executed="True" />
          <test-case description="passes the PSScriptAnalyzer Rule PSAvoidDefaultValueForMandatoryParameter" name="Testing all Script against default PSScriptAnalyzer rule-set.passes the PSScriptAnalyzer Rule PSAvoidDefaultValueForMandatoryParameter" time="0.0327" asserts="0" success="True" result="Success" executed="True" />
          <test-case description="passes the PSScriptAnalyzer Rule PSAvoidUsingEmptyCatchBlock" name="Testing all Script against default PSScriptAnalyzer rule-set.passes the PSScriptAnalyzer Rule PSAvoidUsingEmptyCatchBlock" time="0.0329" asserts="0" success="True" result="Success" executed="True" />
          <test-case description="passes the PSScriptAnalyzer Rule PSAvoidGlobalAliases" name="Testing all Script against default PSScriptAnalyzer rule-set.passes the PSScriptAnalyzer Rule PSAvoidGlobalAliases" time="0.0341" asserts="0" success="True" result="Success" executed="True" />
          <test-case description="passes the PSScriptAnalyzer Rule PSAvoidGlobalFunctions" name="Testing all Script against default PSScriptAnalyzer rule-set.passes the PSScriptAnalyzer Rule PSAvoidGlobalFunctions" time="0.0325" asserts="0" success="True" result="Success" executed="True" />
          <test-case description="passes the PSScriptAnalyzer Rule PSAvoidGlobalVars" name="Testing all Script against default PSScriptAnalyzer rule-set.passes the PSScriptAnalyzer Rule PSAvoidGlobalVars" time="0.03" asserts="0" success="True" result="Success" executed="True" />
          <test-case description="passes the PSScriptAnalyzer Rule PSAvoidInvokingEmptyMembers" name="Testing all Script against default PSScriptAnalyzer rule-set.passes the PSScriptAnalyzer Rule PSAvoidInvokingEmptyMembers" time="0.0355" asserts="0" success="True" result="Success" executed="True" />
          <test-case description="passes the PSScriptAnalyzer Rule PSAvoidNullOrEmptyHelpMessageAttribute" name="Testing all Script against default PSScriptAnalyzer rule-set.passes the PSScriptAnalyzer Rule PSAvoidNullOrEmptyHelpMessageAttribute" time="0.0361" asserts="0" success="True" result="Success" executed="True" />
          <test-case description="passes the PSScriptAnalyzer Rule PSAvoidUsingPositionalParameters" name="Testing all Script against default PSScriptAnalyzer rule-set.passes the PSScriptAnalyzer Rule PSAvoidUsingPositionalParameters" time="0.0338" asserts="0" success="True" result="Success" executed="True" />
          <test-case description="passes the PSScriptAnalyzer Rule PSReservedCmdletChar" name="Testing all Script against default PSScriptAnalyzer rule-set.passes the PSScriptAnalyzer Rule PSReservedCmdletChar" time="0.0325" asserts="0" success="True" result="Success" executed="True" />
          <test-case description="passes the PSScriptAnalyzer Rule PSReservedParams" name="Testing all Script against default PSScriptAnalyzer rule-set.passes the PSScriptAnalyzer Rule PSReservedParams" time="0.0351" asserts="0" success="True" result="Success" executed="True" />
          <test-case description="passes the PSScriptAnalyzer Rule PSAvoidShouldContinueWithoutForce" name="Testing all Script against default PSScriptAnalyzer rule-set.passes the PSScriptAnalyzer Rule PSAvoidShouldContinueWithoutForce" time="0.0333" asserts="0" success="True" result="Success" executed="True" />
          <test-case description="passes the PSScriptAnalyzer Rule PSAvoidUsingUserNameAndPassWordParams" name="Testing all Script against default PSScriptAnalyzer rule-set.passes the PSScriptAnalyzer Rule PSAvoidUsingUserNameAndPassWordParams" time="0.0338" asserts="0" success="True" result="Success" executed="True" />
          <test-case description="passes the PSScriptAnalyzer Rule PSAvoidUsingComputerNameHardcoded" name="Testing all Script against default PSScriptAnalyzer rule-set.passes the PSScriptAnalyzer Rule PSAvoidUsingComputerNameHardcoded" time="0.0329" asserts="0" success="True" result="Success" executed="True" />
          <test-case description="passes the PSScriptAnalyzer Rule PSAvoidUsingConvertToSecureStringWithPlainText" name="Testing all Script against default PSScriptAnalyzer rule-set.passes the PSScriptAnalyzer Rule PSAvoidUsingConvertToSecureStringWithPlainText" time="0.0287" asserts="0" success="True" result="Success" executed="True" />
          <test-case description="passes the PSScriptAnalyzer Rule PSAvoidUsingDeprecatedManifestFields" name="Testing all Script against default PSScriptAnalyzer rule-set.passes the PSScriptAnalyzer Rule PSAvoidUsingDeprecatedManifestFields" time="0.0348" asserts="0" success="True" result="Success" executed="True" />
          <test-case description="passes the PSScriptAnalyzer Rule PSAvoidUsingInvokeExpression" name="Testing all Script against default PSScriptAnalyzer rule-set.passes the PSScriptAnalyzer Rule PSAvoidUsingInvokeExpression" time="0.036" asserts="0" success="True" result="Success" executed="True" />
          <test-case description="passes the PSScriptAnalyzer Rule PSAvoidUsingPlainTextForPassword" name="Testing all Script against default PSScriptAnalyzer rule-set.passes the PSScriptAnalyzer Rule PSAvoidUsingPlainTextForPassword" time="0.0345" asserts="0" success="False" result="Failure" executed="True">
            <failure>
              <message>Expected: {0}
But was:  {1}</message>
              <stack-trace>at line: 27 in C:\Users\ab73541\Documents\GitHub\PowerShell-Remedy\Tests\Default.Tests.ps1
27:               (Invoke-ScriptAnalyzer -Path $script.FullName -IncludeRule $rule.RuleName ).Count | Should Be 0
</stack-trace>
            </failure>
          </test-case>
          <test-case description="passes the PSScriptAnalyzer Rule PSAvoidUsingWMICmdlet" name="Testing all Script against default PSScriptAnalyzer rule-set.passes the PSScriptAnalyzer Rule PSAvoidUsingWMICmdlet" time="0.0415" asserts="0" success="True" result="Success" executed="True" />
          <test-case description="passes the PSScriptAnalyzer Rule PSAvoidUsingWriteHost" name="Testing all Script against default PSScriptAnalyzer rule-set.passes the PSScriptAnalyzer Rule PSAvoidUsingWriteHost" time="0.0087" asserts="0" success="True" result="Success" executed="True" />
          <test-case description="passes the PSScriptAnalyzer Rule PSMisleadingBacktick" name="Testing all Script against default PSScriptAnalyzer rule-set.passes the PSScriptAnalyzer Rule PSMisleadingBacktick" time="0.0346" asserts="0" success="True" result="Success" executed="True" />
          <test-case description="passes the PSScriptAnalyzer Rule PSMissingModuleManifestField" name="Testing all Script against default PSScriptAnalyzer rule-set.passes the PSScriptAnalyzer Rule PSMissingModuleManifestField" time="0.0392" asserts="0" success="True" result="Success" executed="True" />
          <test-case description="passes the PSScriptAnalyzer Rule PSPossibleIncorrectComparisonWithNull" name="Testing all Script against default PSScriptAnalyzer rule-set.passes the PSScriptAnalyzer Rule PSPossibleIncorrectComparisonWithNull" time="0.0363" asserts="0" success="True" result="Success" executed="True" />
          <test-case description="passes the PSScriptAnalyzer Rule PSProvideCommentHelp" name="Testing all Script against default PSScriptAnalyzer rule-set.passes the PSScriptAnalyzer Rule PSProvideCommentHelp" time="0.0358" asserts="0" success="True" result="Success" executed="True" />
          <test-case description="passes the PSScriptAnalyzer Rule PSUseApprovedVerbs" name="Testing all Script against default PSScriptAnalyzer rule-set.passes the PSScriptAnalyzer Rule PSUseApprovedVerbs" time="0.0384" asserts="0" success="True" result="Success" executed="True" />
          <test-case description="passes the PSScriptAnalyzer Rule PSUseBOMForUnicodeEncodedFile" name="Testing all Script against default PSScriptAnalyzer rule-set.passes the PSScriptAnalyzer Rule PSUseBOMForUnicodeEncodedFile" time="0.035" asserts="0" success="True" result="Success" executed="True" />
          <test-case description="passes the PSScriptAnalyzer Rule PSUseCmdletCorrectly" name="Testing all Script against default PSScriptAnalyzer rule-set.passes the PSScriptAnalyzer Rule PSUseCmdletCorrectly" time="0.035" asserts="0" success="True" result="Success" executed="True" />
          <test-case description="passes the PSScriptAnalyzer Rule PSUseCompatibleCmdlets" name="Testing all Script against default PSScriptAnalyzer rule-set.passes the PSScriptAnalyzer Rule PSUseCompatibleCmdlets" time="0.0335" asserts="0" success="True" result="Success" executed="True" />
          <test-case description="passes the PSScriptAnalyzer Rule PSUseDeclaredVarsMoreThanAssignments" name="Testing all Script against default PSScriptAnalyzer rule-set.passes the PSScriptAnalyzer Rule PSUseDeclaredVarsMoreThanAssignments" time="0.0373" asserts="0" success="False" result="Failure" executed="True">
            <failure>
              <message>Expected: {0}
But was:  {1}</message>
              <stack-trace>at line: 27 in C:\Users\ab73541\Documents\GitHub\PowerShell-Remedy\Tests\Default.Tests.ps1
27:               (Invoke-ScriptAnalyzer -Path $script.FullName -IncludeRule $rule.RuleName ).Count | Should Be 0
</stack-trace>
            </failure>
          </test-case>
          <test-case description="passes the PSScriptAnalyzer Rule PSUseLiteralInitializerForHashtable" name="Testing all Script against default PSScriptAnalyzer rule-set.passes the PSScriptAnalyzer Rule PSUseLiteralInitializerForHashtable" time="0.0449" asserts="0" success="True" result="Success" executed="True" />
          <test-case description="passes the PSScriptAnalyzer Rule PSUseOutputTypeCorrectly" name="Testing all Script against default PSScriptAnalyzer rule-set.passes the PSScriptAnalyzer Rule PSUseOutputTypeCorrectly" time="0.0383" asserts="0" success="True" result="Success" executed="True" />
          <test-case description="passes the PSScriptAnalyzer Rule PSUsePSCredentialType" name="Testing all Script against default PSScriptAnalyzer rule-set.passes the PSScriptAnalyzer Rule PSUsePSCredentialType" time="0.0361" asserts="0" success="True" result="Success" executed="True" />
          <test-case description="passes the PSScriptAnalyzer Rule PSShouldProcess" name="Testing all Script against default PSScriptAnalyzer rule-set.passes the PSScriptAnalyzer Rule PSShouldProcess" time="1.9025" asserts="0" success="True" result="Success" executed="True" />
          <test-case description="passes the PSScriptAnalyzer Rule PSUseShouldProcessForStateChangingFunctions" name="Testing all Script against default PSScriptAnalyzer rule-set.passes the PSScriptAnalyzer Rule PSUseShouldProcessForStateChangingFunctions" time="0.0447" asserts="0" success="True" result="Success" executed="True" />
          <test-case description="passes the PSScriptAnalyzer Rule PSUseSingularNouns" name="Testing all Script against default PSScriptAnalyzer rule-set.passes the PSScriptAnalyzer Rule PSUseSingularNouns" time="0.0344" asserts="0" success="True" result="Success" executed="True" />
          <test-case description="passes the PSScriptAnalyzer Rule PSUseToExportFieldsInManifest" name="Testing all Script against default PSScriptAnalyzer rule-set.passes the PSScriptAnalyzer Rule PSUseToExportFieldsInManifest" time="0.0385" asserts="0" success="True" result="Success" executed="True" />
          <test-case description="passes the PSScriptAnalyzer Rule PSUseUTF8EncodingForHelpFile" name="Testing all Script against default PSScriptAnalyzer rule-set.passes the PSScriptAnalyzer Rule PSUseUTF8EncodingForHelpFile" time="0.0424" asserts="0" success="True" result="Success" executed="True" />
          <test-case description="passes the PSScriptAnalyzer Rule PSDSCDscExamplesPresent" name="Testing all Script against default PSScriptAnalyzer rule-set.passes the PSScriptAnalyzer Rule PSDSCDscExamplesPresent" time="0.0433" asserts="0" success="True" result="Success" executed="True" />
          <test-case description="passes the PSScriptAnalyzer Rule PSDSCDscTestsPresent" name="Testing all Script against default PSScriptAnalyzer rule-set.passes the PSScriptAnalyzer Rule PSDSCDscTestsPresent" time="0.0412" asserts="0" success="True" result="Success" executed="True" />
          <test-case description="passes the PSScriptAnalyzer Rule PSDSCReturnCorrectTypesForDSCFunctions" name="Testing all Script against default PSScriptAnalyzer rule-set.passes the PSScriptAnalyzer Rule PSDSCReturnCorrectTypesForDSCFunctions" time="0.0401" asserts="0" success="True" result="Success" executed="True" />
          <test-case description="passes the PSScriptAnalyzer Rule PSDSCUseIdenticalMandatoryParametersForDSC" name="Testing all Script against default PSScriptAnalyzer rule-set.passes the PSScriptAnalyzer Rule PSDSCUseIdenticalMandatoryParametersForDSC" time="0.0398" asserts="0" success="True" result="Success" executed="True" />
          <test-case description="passes the PSScriptAnalyzer Rule PSDSCUseIdenticalParametersForDSC" name="Testing all Script against default PSScriptAnalyzer rule-set.passes the PSScriptAnalyzer Rule PSDSCUseIdenticalParametersForDSC" time="0.0388" asserts="0" success="True" result="Success" executed="True" />
          <test-case description="passes the PSScriptAnalyzer Rule PSDSCStandardDSCFunctionsInResource" name="Testing all Script against default PSScriptAnalyzer rule-set.passes the PSScriptAnalyzer Rule PSDSCStandardDSCFunctionsInResource" time="0.0335" asserts="0" success="True" result="Success" executed="True" />
          <test-case description="passes the PSScriptAnalyzer Rule PSDSCUseVerboseMessageInDSCResource" name="Testing all Script against default PSScriptAnalyzer rule-set.passes the PSScriptAnalyzer Rule PSDSCUseVerboseMessageInDSCResource" time="0.0363" asserts="0" success="True" result="Success" executed="True" />
          <test-case description="passes the PSScriptAnalyzer Rule PSAvoidUsingCmdletAliases" name="Testing all Script against default PSScriptAnalyzer rule-set.passes the PSScriptAnalyzer Rule PSAvoidUsingCmdletAliases" time="0.153" asserts="0" success="False" result="Failure" executed="True">
            <failure>
              <message>Expected: {0}
But was:  {1}</message>
              <stack-trace>at line: 27 in C:\Users\ab73541\Documents\GitHub\PowerShell-Remedy\Tests\Default.Tests.ps1
27:               (Invoke-ScriptAnalyzer -Path $script.FullName -IncludeRule $rule.RuleName ).Count | Should Be 0
</stack-trace>
            </failure>
          </test-case>
          <test-case description="passes the PSScriptAnalyzer Rule PSAvoidDefaultValueSwitchParameter" name="Testing all Script against default PSScriptAnalyzer rule-set.passes the PSScriptAnalyzer Rule PSAvoidDefaultValueSwitchParameter" time="0.0452" asserts="0" success="True" result="Success" executed="True" />
          <test-case description="passes the PSScriptAnalyzer Rule PSAvoidDefaultValueForMandatoryParameter" name="Testing all Script against default PSScriptAnalyzer rule-set.passes the PSScriptAnalyzer Rule PSAvoidDefaultValueForMandatoryParameter" time="0.1173" asserts="0" success="True" result="Success" executed="True" />
          <test-case description="passes the PSScriptAnalyzer Rule PSAvoidUsingEmptyCatchBlock" name="Testing all Script against default PSScriptAnalyzer rule-set.passes the PSScriptAnalyzer Rule PSAvoidUsingEmptyCatchBlock" time="0.0396" asserts="0" success="True" result="Success" executed="True" />
          <test-case description="passes the PSScriptAnalyzer Rule PSAvoidGlobalAliases" name="Testing all Script against default PSScriptAnalyzer rule-set.passes the PSScriptAnalyzer Rule PSAvoidGlobalAliases" time="0.0664" asserts="0" success="True" result="Success" executed="True" />
          <test-case description="passes the PSScriptAnalyzer Rule PSAvoidGlobalFunctions" name="Testing all Script against default PSScriptAnalyzer rule-set.passes the PSScriptAnalyzer Rule PSAvoidGlobalFunctions" time="0.0328" asserts="0" success="True" result="Success" executed="True" />
          <test-case description="passes the PSScriptAnalyzer Rule PSAvoidGlobalVars" name="Testing all Script against default PSScriptAnalyzer rule-set.passes the PSScriptAnalyzer Rule PSAvoidGlobalVars" time="0.0345" asserts="0" success="True" result="Success" executed="True" />
          <test-case description="passes the PSScriptAnalyzer Rule PSAvoidInvokingEmptyMembers" name="Testing all Script against default PSScriptAnalyzer rule-set.passes the PSScriptAnalyzer Rule PSAvoidInvokingEmptyMembers" time="0.0366" asserts="0" success="True" result="Success" executed="True" />
          <test-case description="passes the PSScriptAnalyzer Rule PSAvoidNullOrEmptyHelpMessageAttribute" name="Testing all Script against default PSScriptAnalyzer rule-set.passes the PSScriptAnalyzer Rule PSAvoidNullOrEmptyHelpMessageAttribute" time="0.0348" asserts="0" success="True" result="Success" executed="True" />
          <test-case description="passes the PSScriptAnalyzer Rule PSAvoidUsingPositionalParameters" name="Testing all Script against default PSScriptAnalyzer rule-set.passes the PSScriptAnalyzer Rule PSAvoidUsingPositionalParameters" time="0.0392" asserts="0" success="True" result="Success" executed="True" />
          <test-case description="passes the PSScriptAnalyzer Rule PSReservedCmdletChar" name="Testing all Script against default PSScriptAnalyzer rule-set.passes the PSScriptAnalyzer Rule PSReservedCmdletChar" time="0.0387" asserts="0" success="True" result="Success" executed="True" />
          <test-case description="passes the PSScriptAnalyzer Rule PSReservedParams" name="Testing all Script against default PSScriptAnalyzer rule-set.passes the PSScriptAnalyzer Rule PSReservedParams" time="0.0354" asserts="0" success="True" result="Success" executed="True" />
          <test-case description="passes the PSScriptAnalyzer Rule PSAvoidShouldContinueWithoutForce" name="Testing all Script against default PSScriptAnalyzer rule-set.passes the PSScriptAnalyzer Rule PSAvoidShouldContinueWithoutForce" time="0.0411" asserts="0" success="True" result="Success" executed="True" />
          <test-case description="passes the PSScriptAnalyzer Rule PSAvoidUsingUserNameAndPassWordParams" name="Testing all Script against default PSScriptAnalyzer rule-set.passes the PSScriptAnalyzer Rule PSAvoidUsingUserNameAndPassWordParams" time="0.0356" asserts="0" success="True" result="Success" executed="True" />
          <test-case description="passes the PSScriptAnalyzer Rule PSAvoidUsingComputerNameHardcoded" name="Testing all Script against default PSScriptAnalyzer rule-set.passes the PSScriptAnalyzer Rule PSAvoidUsingComputerNameHardcoded" time="0.0391" asserts="0" success="True" result="Success" executed="True" />
          <test-case description="passes the PSScriptAnalyzer Rule PSAvoidUsingConvertToSecureStringWithPlainText" name="Testing all Script against default PSScriptAnalyzer rule-set.passes the PSScriptAnalyzer Rule PSAvoidUsingConvertToSecureStringWithPlainText" time="0.0371" asserts="0" success="True" result="Success" executed="True" />
          <test-case description="passes the PSScriptAnalyzer Rule PSAvoidUsingDeprecatedManifestFields" name="Testing all Script against default PSScriptAnalyzer rule-set.passes the PSScriptAnalyzer Rule PSAvoidUsingDeprecatedManifestFields" time="0.0384" asserts="0" success="True" result="Success" executed="True" />
          <test-case description="passes the PSScriptAnalyzer Rule PSAvoidUsingInvokeExpression" name="Testing all Script against default PSScriptAnalyzer rule-set.passes the PSScriptAnalyzer Rule PSAvoidUsingInvokeExpression" time="0.0381" asserts="0" success="True" result="Success" executed="True" />
          <test-case description="passes the PSScriptAnalyzer Rule PSAvoidUsingPlainTextForPassword" name="Testing all Script against default PSScriptAnalyzer rule-set.passes the PSScriptAnalyzer Rule PSAvoidUsingPlainTextForPassword" time="0.0394" asserts="0" success="False" result="Failure" executed="True">
            <failure>
              <message>Expected: {0}
But was:  {1}</message>
              <stack-trace>at line: 27 in C:\Users\ab73541\Documents\GitHub\PowerShell-Remedy\Tests\Default.Tests.ps1
27:               (Invoke-ScriptAnalyzer -Path $script.FullName -IncludeRule $rule.RuleName ).Count | Should Be 0
</stack-trace>
            </failure>
          </test-case>
          <test-case description="passes the PSScriptAnalyzer Rule PSAvoidUsingWMICmdlet" name="Testing all Script against default PSScriptAnalyzer rule-set.passes the PSScriptAnalyzer Rule PSAvoidUsingWMICmdlet" time="0.0497" asserts="0" success="True" result="Success" executed="True" />
          <test-case description="passes the PSScriptAnalyzer Rule PSAvoidUsingWriteHost" name="Testing all Script against default PSScriptAnalyzer rule-set.passes the PSScriptAnalyzer Rule PSAvoidUsingWriteHost" time="0.0124" asserts="0" success="True" result="Success" executed="True" />
          <test-case description="passes the PSScriptAnalyzer Rule PSMisleadingBacktick" name="Testing all Script against default PSScriptAnalyzer rule-set.passes the PSScriptAnalyzer Rule PSMisleadingBacktick" time="0.0351" asserts="0" success="True" result="Success" executed="True" />
          <test-case description="passes the PSScriptAnalyzer Rule PSMissingModuleManifestField" name="Testing all Script against default PSScriptAnalyzer rule-set.passes the PSScriptAnalyzer Rule PSMissingModuleManifestField" time="0.0383" asserts="0" success="True" result="Success" executed="True" />
          <test-case description="passes the PSScriptAnalyzer Rule PSPossibleIncorrectComparisonWithNull" name="Testing all Script against default PSScriptAnalyzer rule-set.passes the PSScriptAnalyzer Rule PSPossibleIncorrectComparisonWithNull" time="0.0417" asserts="0" success="True" result="Success" executed="True" />
          <test-case description="passes the PSScriptAnalyzer Rule PSProvideCommentHelp" name="Testing all Script against default PSScriptAnalyzer rule-set.passes the PSScriptAnalyzer Rule PSProvideCommentHelp" time="0.0423" asserts="0" success="True" result="Success" executed="True" />
          <test-case description="passes the PSScriptAnalyzer Rule PSUseApprovedVerbs" name="Testing all Script against default PSScriptAnalyzer rule-set.passes the PSScriptAnalyzer Rule PSUseApprovedVerbs" time="0.0356" asserts="0" success="True" result="Success" executed="True" />
          <test-case description="passes the PSScriptAnalyzer Rule PSUseBOMForUnicodeEncodedFile" name="Testing all Script against default PSScriptAnalyzer rule-set.passes the PSScriptAnalyzer Rule PSUseBOMForUnicodeEncodedFile" time="0.0343" asserts="0" success="True" result="Success" executed="True" />
          <test-case description="passes the PSScriptAnalyzer Rule PSUseCmdletCorrectly" name="Testing all Script against default PSScriptAnalyzer rule-set.passes the PSScriptAnalyzer Rule PSUseCmdletCorrectly" time="0.0329" asserts="0" success="True" result="Success" executed="True" />
          <test-case description="passes the PSScriptAnalyzer Rule PSUseCompatibleCmdlets" name="Testing all Script against default PSScriptAnalyzer rule-set.passes the PSScriptAnalyzer Rule PSUseCompatibleCmdlets" time="0.0334" asserts="0" success="True" result="Success" executed="True" />
          <test-case description="passes the PSScriptAnalyzer Rule PSUseDeclaredVarsMoreThanAssignments" name="Testing all Script against default PSScriptAnalyzer rule-set.passes the PSScriptAnalyzer Rule PSUseDeclaredVarsMoreThanAssignments" time="0.0364" asserts="0" success="False" result="Failure" executed="True">
            <failure>
              <message>Expected: {0}
But was:  {1}</message>
              <stack-trace>at line: 27 in C:\Users\ab73541\Documents\GitHub\PowerShell-Remedy\Tests\Default.Tests.ps1
27:               (Invoke-ScriptAnalyzer -Path $script.FullName -IncludeRule $rule.RuleName ).Count | Should Be 0
</stack-trace>
            </failure>
          </test-case>
          <test-case description="passes the PSScriptAnalyzer Rule PSUseLiteralInitializerForHashtable" name="Testing all Script against default PSScriptAnalyzer rule-set.passes the PSScriptAnalyzer Rule PSUseLiteralInitializerForHashtable" time="0.0432" asserts="0" success="True" result="Success" executed="True" />
          <test-case description="passes the PSScriptAnalyzer Rule PSUseOutputTypeCorrectly" name="Testing all Script against default PSScriptAnalyzer rule-set.passes the PSScriptAnalyzer Rule PSUseOutputTypeCorrectly" time="0.0355" asserts="0" success="True" result="Success" executed="True" />
          <test-case description="passes the PSScriptAnalyzer Rule PSUsePSCredentialType" name="Testing all Script against default PSScriptAnalyzer rule-set.passes the PSScriptAnalyzer Rule PSUsePSCredentialType" time="0.0344" asserts="0" success="True" result="Success" executed="True" />
          <test-case description="passes the PSScriptAnalyzer Rule PSShouldProcess" name="Testing all Script against default PSScriptAnalyzer rule-set.passes the PSScriptAnalyzer Rule PSShouldProcess" time="1.8955" asserts="0" success="True" result="Success" executed="True" />
          <test-case description="passes the PSScriptAnalyzer Rule PSUseShouldProcessForStateChangingFunctions" name="Testing all Script against default PSScriptAnalyzer rule-set.passes the PSScriptAnalyzer Rule PSUseShouldProcessForStateChangingFunctions" time="0.0374" asserts="0" success="True" result="Success" executed="True" />
          <test-case description="passes the PSScriptAnalyzer Rule PSUseSingularNouns" name="Testing all Script against default PSScriptAnalyzer rule-set.passes the PSScriptAnalyzer Rule PSUseSingularNouns" time="0.0227" asserts="0" success="True" result="Success" executed="True" />
          <test-case description="passes the PSScriptAnalyzer Rule PSUseToExportFieldsInManifest" name="Testing all Script against default PSScriptAnalyzer rule-set.passes the PSScriptAnalyzer Rule PSUseToExportFieldsInManifest" time="0.0233" asserts="0" success="True" result="Success" executed="True" />
          <test-case description="passes the PSScriptAnalyzer Rule PSUseUTF8EncodingForHelpFile" name="Testing all Script against default PSScriptAnalyzer rule-set.passes the PSScriptAnalyzer Rule PSUseUTF8EncodingForHelpFile" time="0.0289" asserts="0" success="True" result="Success" executed="True" />
          <test-case description="passes the PSScriptAnalyzer Rule PSDSCDscExamplesPresent" name="Testing all Script against default PSScriptAnalyzer rule-set.passes the PSScriptAnalyzer Rule PSDSCDscExamplesPresent" time="0.0234" asserts="0" success="True" result="Success" executed="True" />
          <test-case description="passes the PSScriptAnalyzer Rule PSDSCDscTestsPresent" name="Testing all Script against default PSScriptAnalyzer rule-set.passes the PSScriptAnalyzer Rule PSDSCDscTestsPresent" time="0.0219" asserts="0" success="True" result="Success" executed="True" />
          <test-case description="passes the PSScriptAnalyzer Rule PSDSCReturnCorrectTypesForDSCFunctions" name="Testing all Script against default PSScriptAnalyzer rule-set.passes the PSScriptAnalyzer Rule PSDSCReturnCorrectTypesForDSCFunctions" time="0.0232" asserts="0" success="True" result="Success" executed="True" />
          <test-case description="passes the PSScriptAnalyzer Rule PSDSCUseIdenticalMandatoryParametersForDSC" name="Testing all Script against default PSScriptAnalyzer rule-set.passes the PSScriptAnalyzer Rule PSDSCUseIdenticalMandatoryParametersForDSC" time="0.0233" asserts="0" success="True" result="Success" executed="True" />
          <test-case description="passes the PSScriptAnalyzer Rule PSDSCUseIdenticalParametersForDSC" name="Testing all Script against default PSScriptAnalyzer rule-set.passes the PSScriptAnalyzer Rule PSDSCUseIdenticalParametersForDSC" time="0.0289" asserts="0" success="True" result="Success" executed="True" />
          <test-case description="passes the PSScriptAnalyzer Rule PSDSCStandardDSCFunctionsInResource" name="Testing all Script against default PSScriptAnalyzer rule-set.passes the PSScriptAnalyzer Rule PSDSCStandardDSCFunctionsInResource" time="0.0437" asserts="0" success="True" result="Success" executed="True" />
          <test-case description="passes the PSScriptAnalyzer Rule PSDSCUseVerboseMessageInDSCResource" name="Testing all Script against default PSScriptAnalyzer rule-set.passes the PSScriptAnalyzer Rule PSDSCUseVerboseMessageInDSCResource" time="0.0347" asserts="0" success="True" result="Success" executed="True" />
          <test-case description="passes the PSScriptAnalyzer Rule PSAvoidUsingCmdletAliases" name="Testing all Script against default PSScriptAnalyzer rule-set.passes the PSScriptAnalyzer Rule PSAvoidUsingCmdletAliases" time="0.1405" asserts="0" success="True" result="Success" executed="True" />
          <test-case description="passes the PSScriptAnalyzer Rule PSAvoidDefaultValueSwitchParameter" name="Testing all Script against default PSScriptAnalyzer rule-set.passes the PSScriptAnalyzer Rule PSAvoidDefaultValueSwitchParameter" time="0.0353" asserts="0" success="True" result="Success" executed="True" />
          <test-case description="passes the PSScriptAnalyzer Rule PSAvoidDefaultValueForMandatoryParameter" name="Testing all Script against default PSScriptAnalyzer rule-set.passes the PSScriptAnalyzer Rule PSAvoidDefaultValueForMandatoryParameter" time="0.0361" asserts="0" success="True" result="Success" executed="True" />
          <test-case description="passes the PSScriptAnalyzer Rule PSAvoidUsingEmptyCatchBlock" name="Testing all Script against default PSScriptAnalyzer rule-set.passes the PSScriptAnalyzer Rule PSAvoidUsingEmptyCatchBlock" time="0.0356" asserts="0" success="True" result="Success" executed="True" />
          <test-case description="passes the PSScriptAnalyzer Rule PSAvoidGlobalAliases" name="Testing all Script against default PSScriptAnalyzer rule-set.passes the PSScriptAnalyzer Rule PSAvoidGlobalAliases" time="0.0362" asserts="0" success="True" result="Success" executed="True" />
          <test-case description="passes the PSScriptAnalyzer Rule PSAvoidGlobalFunctions" name="Testing all Script against default PSScriptAnalyzer rule-set.passes the PSScriptAnalyzer Rule PSAvoidGlobalFunctions" time="0.0331" asserts="0" success="True" result="Success" executed="True" />
          <test-case description="passes the PSScriptAnalyzer Rule PSAvoidGlobalVars" name="Testing all Script against default PSScriptAnalyzer rule-set.passes the PSScriptAnalyzer Rule PSAvoidGlobalVars" time="0.0352" asserts="0" success="True" result="Success" executed="True" />
          <test-case description="passes the PSScriptAnalyzer Rule PSAvoidInvokingEmptyMembers" name="Testing all Script against default PSScriptAnalyzer rule-set.passes the PSScriptAnalyzer Rule PSAvoidInvokingEmptyMembers" time="0.0347" asserts="0" success="True" result="Success" executed="True" />
          <test-case description="passes the PSScriptAnalyzer Rule PSAvoidNullOrEmptyHelpMessageAttribute" name="Testing all Script against default PSScriptAnalyzer rule-set.passes the PSScriptAnalyzer Rule PSAvoidNullOrEmptyHelpMessageAttribute" time="0.0322" asserts="0" success="True" result="Success" executed="True" />
          <test-case description="passes the PSScriptAnalyzer Rule PSAvoidUsingPositionalParameters" name="Testing all Script against default PSScriptAnalyzer rule-set.passes the PSScriptAnalyzer Rule PSAvoidUsingPositionalParameters" time="0.2359" asserts="0" success="True" result="Success" executed="True" />
          <test-case description="passes the PSScriptAnalyzer Rule PSReservedCmdletChar" name="Testing all Script against default PSScriptAnalyzer rule-set.passes the PSScriptAnalyzer Rule PSReservedCmdletChar" time="0.0356" asserts="0" success="True" result="Success" executed="True" />
          <test-case description="passes the PSScriptAnalyzer Rule PSReservedParams" name="Testing all Script against default PSScriptAnalyzer rule-set.passes the PSScriptAnalyzer Rule PSReservedParams" time="0.0339" asserts="0" success="True" result="Success" executed="True" />
          <test-case description="passes the PSScriptAnalyzer Rule PSAvoidShouldContinueWithoutForce" name="Testing all Script against default PSScriptAnalyzer rule-set.passes the PSScriptAnalyzer Rule PSAvoidShouldContinueWithoutForce" time="0.032" asserts="0" success="True" result="Success" executed="True" />
          <test-case description="passes the PSScriptAnalyzer Rule PSAvoidUsingUserNameAndPassWordParams" name="Testing all Script against default PSScriptAnalyzer rule-set.passes the PSScriptAnalyzer Rule PSAvoidUsingUserNameAndPassWordParams" time="0.0329" asserts="0" success="True" result="Success" executed="True" />
          <test-case description="passes the PSScriptAnalyzer Rule PSAvoidUsingComputerNameHardcoded" name="Testing all Script against default PSScriptAnalyzer rule-set.passes the PSScriptAnalyzer Rule PSAvoidUsingComputerNameHardcoded" time="0.0364" asserts="0" success="True" result="Success" executed="True" />
          <test-case description="passes the PSScriptAnalyzer Rule PSAvoidUsingConvertToSecureStringWithPlainText" name="Testing all Script against default PSScriptAnalyzer rule-set.passes the PSScriptAnalyzer Rule PSAvoidUsingConvertToSecureStringWithPlainText" time="0.0409" asserts="0" success="False" result="Failure" executed="True">
            <failure>
              <message>Expected: {0}
But was:  {1}</message>
              <stack-trace>at line: 27 in C:\Users\ab73541\Documents\GitHub\PowerShell-Remedy\Tests\Default.Tests.ps1
27:               (Invoke-ScriptAnalyzer -Path $script.FullName -IncludeRule $rule.RuleName ).Count | Should Be 0
</stack-trace>
            </failure>
          </test-case>
          <test-case description="passes the PSScriptAnalyzer Rule PSAvoidUsingDeprecatedManifestFields" name="Testing all Script against default PSScriptAnalyzer rule-set.passes the PSScriptAnalyzer Rule PSAvoidUsingDeprecatedManifestFields" time="0.0435" asserts="0" success="True" result="Success" executed="True" />
          <test-case description="passes the PSScriptAnalyzer Rule PSAvoidUsingInvokeExpression" name="Testing all Script against default PSScriptAnalyzer rule-set.passes the PSScriptAnalyzer Rule PSAvoidUsingInvokeExpression" time="0.0331" asserts="0" success="True" result="Success" executed="True" />
          <test-case description="passes the PSScriptAnalyzer Rule PSAvoidUsingPlainTextForPassword" name="Testing all Script against default PSScriptAnalyzer rule-set.passes the PSScriptAnalyzer Rule PSAvoidUsingPlainTextForPassword" time="0.0312" asserts="0" success="True" result="Success" executed="True" />
          <test-case description="passes the PSScriptAnalyzer Rule PSAvoidUsingWMICmdlet" name="Testing all Script against default PSScriptAnalyzer rule-set.passes the PSScriptAnalyzer Rule PSAvoidUsingWMICmdlet" time="0.0348" asserts="0" success="True" result="Success" executed="True" />
          <test-case description="passes the PSScriptAnalyzer Rule PSAvoidUsingWriteHost" name="Testing all Script against default PSScriptAnalyzer rule-set.passes the PSScriptAnalyzer Rule PSAvoidUsingWriteHost" time="0.0096" asserts="0" success="True" result="Success" executed="True" />
          <test-case description="passes the PSScriptAnalyzer Rule PSMisleadingBacktick" name="Testing all Script against default PSScriptAnalyzer rule-set.passes the PSScriptAnalyzer Rule PSMisleadingBacktick" time="0.0329" asserts="0" success="True" result="Success" executed="True" />
          <test-case description="passes the PSScriptAnalyzer Rule PSMissingModuleManifestField" name="Testing all Script against default PSScriptAnalyzer rule-set.passes the PSScriptAnalyzer Rule PSMissingModuleManifestField" time="0.0364" asserts="0" success="True" result="Success" executed="True" />
          <test-case description="passes the PSScriptAnalyzer Rule PSPossibleIncorrectComparisonWithNull" name="Testing all Script against default PSScriptAnalyzer rule-set.passes the PSScriptAnalyzer Rule PSPossibleIncorrectComparisonWithNull" time="0.0354" asserts="0" success="True" result="Success" executed="True" />
          <test-case description="passes the PSScriptAnalyzer Rule PSProvideCommentHelp" name="Testing all Script against default PSScriptAnalyzer rule-set.passes the PSScriptAnalyzer Rule PSProvideCommentHelp" time="0.035" asserts="0" success="True" result="Success" executed="True" />
          <test-case description="passes the PSScriptAnalyzer Rule PSUseApprovedVerbs" name="Testing all Script against default PSScriptAnalyzer rule-set.passes the PSScriptAnalyzer Rule PSUseApprovedVerbs" time="0.037" asserts="0" success="True" result="Success" executed="True" />
          <test-case description="passes the PSScriptAnalyzer Rule PSUseBOMForUnicodeEncodedFile" name="Testing all Script against default PSScriptAnalyzer rule-set.passes the PSScriptAnalyzer Rule PSUseBOMForUnicodeEncodedFile" time="0.0375" asserts="0" success="True" result="Success" executed="True" />
          <test-case description="passes the PSScriptAnalyzer Rule PSUseCmdletCorrectly" name="Testing all Script against default PSScriptAnalyzer rule-set.passes the PSScriptAnalyzer Rule PSUseCmdletCorrectly" time="0.2495" asserts="0" success="True" result="Success" executed="True" />
          <test-case description="passes the PSScriptAnalyzer Rule PSUseCompatibleCmdlets" name="Testing all Script against default PSScriptAnalyzer rule-set.passes the PSScriptAnalyzer Rule PSUseCompatibleCmdlets" time="0.0351" asserts="0" success="True" result="Success" executed="True" />
          <test-case description="passes the PSScriptAnalyzer Rule PSUseDeclaredVarsMoreThanAssignments" name="Testing all Script against default PSScriptAnalyzer rule-set.passes the PSScriptAnalyzer Rule PSUseDeclaredVarsMoreThanAssignments" time="0.033" asserts="0" success="True" result="Success" executed="True" />
          <test-case description="passes the PSScriptAnalyzer Rule PSUseLiteralInitializerForHashtable" name="Testing all Script against default PSScriptAnalyzer rule-set.passes the PSScriptAnalyzer Rule PSUseLiteralInitializerForHashtable" time="0.0412" asserts="0" success="True" result="Success" executed="True" />
          <test-case description="passes the PSScriptAnalyzer Rule PSUseOutputTypeCorrectly" name="Testing all Script against default PSScriptAnalyzer rule-set.passes the PSScriptAnalyzer Rule PSUseOutputTypeCorrectly" time="0.0324" asserts="0" success="True" result="Success" executed="True" />
          <test-case description="passes the PSScriptAnalyzer Rule PSUsePSCredentialType" name="Testing all Script against default PSScriptAnalyzer rule-set.passes the PSScriptAnalyzer Rule PSUsePSCredentialType" time="0.0424" asserts="0" success="True" result="Success" executed="True" />
          <test-case description="passes the PSScriptAnalyzer Rule PSShouldProcess" name="Testing all Script against default PSScriptAnalyzer rule-set.passes the PSScriptAnalyzer Rule PSShouldProcess" time="2.0328" asserts="0" success="True" result="Success" executed="True" />
          <test-case description="passes the PSScriptAnalyzer Rule PSUseShouldProcessForStateChangingFunctions" name="Testing all Script against default PSScriptAnalyzer rule-set.passes the PSScriptAnalyzer Rule PSUseShouldProcessForStateChangingFunctions" time="0.0466" asserts="0" success="False" result="Failure" executed="True">
            <failure>
              <message>Expected: {0}
But was:  {1}</message>
              <stack-trace>at line: 27 in C:\Users\ab73541\Documents\GitHub\PowerShell-Remedy\Tests\Default.Tests.ps1
27:               (Invoke-ScriptAnalyzer -Path $script.FullName -IncludeRule $rule.RuleName ).Count | Should Be 0
</stack-trace>
            </failure>
          </test-case>
          <test-case description="passes the PSScriptAnalyzer Rule PSUseSingularNouns" name="Testing all Script against default PSScriptAnalyzer rule-set.passes the PSScriptAnalyzer Rule PSUseSingularNouns" time="0.0679" asserts="0" success="True" result="Success" executed="True" />
          <test-case description="passes the PSScriptAnalyzer Rule PSUseToExportFieldsInManifest" name="Testing all Script against default PSScriptAnalyzer rule-set.passes the PSScriptAnalyzer Rule PSUseToExportFieldsInManifest" time="0.0377" asserts="0" success="True" result="Success" executed="True" />
          <test-case description="passes the PSScriptAnalyzer Rule PSUseUTF8EncodingForHelpFile" name="Testing all Script against default PSScriptAnalyzer rule-set.passes the PSScriptAnalyzer Rule PSUseUTF8EncodingForHelpFile" time="0.0394" asserts="0" success="True" result="Success" executed="True" />
          <test-case description="passes the PSScriptAnalyzer Rule PSDSCDscExamplesPresent" name="Testing all Script against default PSScriptAnalyzer rule-set.passes the PSScriptAnalyzer Rule PSDSCDscExamplesPresent" time="0.0374" asserts="0" success="True" result="Success" executed="True" />
          <test-case description="passes the PSScriptAnalyzer Rule PSDSCDscTestsPresent" name="Testing all Script against default PSScriptAnalyzer rule-set.passes the PSScriptAnalyzer Rule PSDSCDscTestsPresent" time="0.0379" asserts="0" success="True" result="Success" executed="True" />
          <test-case description="passes the PSScriptAnalyzer Rule PSDSCReturnCorrectTypesForDSCFunctions" name="Testing all Script against default PSScriptAnalyzer rule-set.passes the PSScriptAnalyzer Rule PSDSCReturnCorrectTypesForDSCFunctions" time="0.0379" asserts="0" success="True" result="Success" executed="True" />
          <test-case description="passes the PSScriptAnalyzer Rule PSDSCUseIdenticalMandatoryParametersForDSC" name="Testing all Script against default PSScriptAnalyzer rule-set.passes the PSScriptAnalyzer Rule PSDSCUseIdenticalMandatoryParametersForDSC" time="0.0369" asserts="0" success="True" result="Success" executed="True" />
          <test-case description="passes the PSScriptAnalyzer Rule PSDSCUseIdenticalParametersForDSC" name="Testing all Script against default PSScriptAnalyzer rule-set.passes the PSScriptAnalyzer Rule PSDSCUseIdenticalParametersForDSC" time="0.0421" asserts="0" success="True" result="Success" executed="True" />
          <test-case description="passes the PSScriptAnalyzer Rule PSDSCStandardDSCFunctionsInResource" name="Testing all Script against default PSScriptAnalyzer rule-set.passes the PSScriptAnalyzer Rule PSDSCStandardDSCFunctionsInResource" time="0.038" asserts="0" success="True" result="Success" executed="True" />
          <test-case description="passes the PSScriptAnalyzer Rule PSDSCUseVerboseMessageInDSCResource" name="Testing all Script against default PSScriptAnalyzer rule-set.passes the PSScriptAnalyzer Rule PSDSCUseVerboseMessageInDSCResource" time="0.036" asserts="0" success="True" result="Success" executed="True" />
        </results>
      </test-suite>
    </results>
  </test-suite>
</test-results>